<?xml version="1.0" encoding="UTF-8"?>
<!-- Generated by org.testng.reporters.JUnitReportReporter -->
<testsuite hostname="Mangesh" failures="0" tests="1" name="KiteTestClass.TestClass" time="15.613" errors="0" timestamp="2022-04-01T22:52:15 IST" skipped="0">
  <testcase classname="KiteTestClass.TestClass" name="ValidateKiteID" time="15.613"/>
  <system-out>
    <![CDATA[screenshot taken for TC 12
validate userID ]]>
  </system-out>
</testsuite> <!-- KiteTestClass.TestClass -->
